\BOOKMARK [0][-]{titulo.0}{\376\377\000P\000\341\000g\000i\000n\000a\000\040\000d\000e\000\040\000T\000\355\000t\000u\000l\000o}{}% 1
\BOOKMARK [0][-]{indices.0}{\376\377\000\315\000n\000d\000i\000c\000e\000s}{}% 2
\BOOKMARK [1][-]{tabla de contenidos.1}{\376\377\000T\000a\000b\000l\000a\000\040\000d\000e\000\040\000C\000o\000n\000t\000e\000n\000i\000d\000o\000s}{indices.0}% 3
\BOOKMARK [1][-]{indice de figuras.1}{\376\377\000\315\000n\000d\000i\000c\000e\000\040\000d\000e\000\040\000f\000i\000g\000u\000r\000a\000s}{indices.0}% 4
\BOOKMARK [1][-]{indice de tablas.1}{\376\377\000\315\000n\000d\000i\000c\000e\000\040\000d\000e\000\040\000t\000a\000b\000l\000a\000s}{indices.0}% 5
\BOOKMARK [0][-]{chapter.8}{\376\377\000I\000n\000t\000r\000o\000d\000u\000c\000c\000i\000\363\000n}{}% 6
\BOOKMARK [1][-]{section.9}{\376\377\000M\000o\000t\000i\000v\000a\000c\000i\000\363\000n\000\040\000y\000\040\000a\000n\000t\000e\000c\000e\000d\000e\000n\000t\000e\000s}{chapter.8}% 7
\BOOKMARK [1][-]{section.17}{\376\377\000O\000b\000j\000e\000t\000i\000v\000o\000s}{chapter.8}% 8
\BOOKMARK [1][-]{section.25}{\376\377\000P\000l\000a\000n\000\040\000d\000e\000\040\000t\000r\000a\000b\000a\000j\000o}{chapter.8}% 9
\BOOKMARK [0][-]{chapter.26}{\376\377\000E\000s\000t\000a\000d\000o\000\040\000d\000e\000l\000\040\000A\000r\000t\000e\000\040\000d\000e\000\040\000J\000u\000e\000c\000e\000s\000\040\000e\000n\000\040\000L\000\355\000n\000e\000a}{}% 10
\BOOKMARK [1][-]{section.27}{\376\377\000I\000n\000t\000r\000o\000d\000u\000c\000c\000i\000\363\000n}{chapter.26}% 11
\BOOKMARK [1][-]{section.36}{\376\377\000C\000a\000t\000e\000g\000o\000r\000i\000z\000a\000c\000i\000\363\000n\000\040\000d\000e\000\040\000j\000u\000e\000c\000e\000s\000\040\000d\000e\000\040\000p\000r\000o\000g\000r\000a\000m\000a\000c\000i\000\363\000n}{chapter.26}% 12
\BOOKMARK [1][-]{section.41}{\376\377\000G\000a\000m\000i\000f\000i\000c\000a\000c\000i\000\363\000n}{chapter.26}% 13
\BOOKMARK [1][-]{section.54}{\376\377\000D\000i\000s\000e\000\361\000o\000\040\000y\000\040\000a\000r\000q\000u\000i\000t\000e\000c\000t\000u\000r\000a}{chapter.26}% 14
\BOOKMARK [1][-]{section.55}{\376\377\000C\000o\000n\000c\000l\000u\000s\000i\000o\000n\000e\000s}{chapter.26}% 15
\BOOKMARK [0][-]{chapter.56}{\376\377\000E\000s\000t\000a\000d\000o\000\040\000d\000e\000l\000\040\000A\000r\000t\000e\000\040\000d\000e\000\040\000T\000e\000c\000n\000o\000l\000o\000g\000\355\000a\000s\000\040\000p\000a\000r\000a\000\040\000D\000e\000s\000a\000r\000r\000o\000l\000l\000o\000\040\000W\000e\000b}{}% 16
\BOOKMARK [1][-]{section.57}{\376\377\000I\000n\000t\000r\000o\000d\000u\000c\000c\000i\000\363\000n}{chapter.56}% 17
\BOOKMARK [1][-]{section.60}{\376\377\000F\000r\000o\000n\000t\000e\000n\000d}{chapter.56}% 18
\BOOKMARK [1][-]{section.67}{\376\377\000B\000a\000c\000k\000e\000n\000d}{chapter.56}% 19
\BOOKMARK [1][-]{section.74}{\376\377\000C\000o\000n\000c\000l\000u\000s\000i\000\363\000n}{chapter.56}% 20
\BOOKMARK [0][-]{chapter.75}{\376\377\000D\000i\000s\000e\000\361\000o\000\040\000d\000e\000\040\000l\000a\000\040\000A\000p\000l\000i\000c\000a\000c\000i\000\363\000n}{}% 21
\BOOKMARK [1][-]{section.76}{\376\377\000I\000n\000t\000r\000o\000d\000u\000c\000c\000i\000\363\000n}{chapter.75}% 22
\BOOKMARK [1][-]{section.78}{\376\377\000A\000n\000\341\000l\000i\000s\000i\000s\000\040\000d\000e\000\040\000r\000e\000q\000u\000i\000s\000i\000t\000o\000s}{chapter.75}% 23
\BOOKMARK [2][-]{subsection.79}{\376\377\000E\000s\000t\000a\000d\000\355\000s\000t\000i\000c\000a\000s\000\040\000d\000e\000\040\000u\000s\000u\000a\000r\000i\000o}{section.78}% 24
\BOOKMARK [2][-]{subsection.80}{\376\377\000E\000s\000t\000a\000d\000\355\000s\000t\000i\000c\000a\000s\000\040\000d\000e\000\040\000e\000j\000e\000r\000c\000i\000c\000i\000o\000s}{section.78}% 25
\BOOKMARK [2][-]{subsection.81}{\376\377\000S\000i\000s\000t\000e\000m\000a\000\040\000d\000e\000\040\000l\000o\000g\000r\000o\000s}{section.78}% 26
\BOOKMARK [2][-]{subsection.82}{\376\377\000T\000a\000b\000l\000a\000\040\000d\000e\000\040\000c\000l\000a\000s\000i\000f\000i\000c\000a\000c\000i\000\363\000n}{section.78}% 27
\BOOKMARK [2][-]{subsection.83}{\376\377\000C\000o\000m\000p\000a\000r\000t\000i\000c\000i\000\363\000n\000\040\000d\000e\000\040\000e\000s\000t\000a\000d\000\355\000s\000t\000i\000c\000a\000s\000\040\000y\000\040\000l\000o\000g\000r\000o\000s}{section.78}% 28
\BOOKMARK [1][-]{section.84}{\376\377\000D\000i\000s\000e\000\361\000o\000\040\000d\000e\000l\000\040\000s\000i\000s\000t\000e\000m\000a\000\040\000d\000e\000\040\000g\000a\000m\000i\000f\000i\000c\000a\000c\000i\000\363\000n}{chapter.75}% 29
\BOOKMARK [2][-]{subsection.85}{\376\377\000I\000n\000t\000r\000o\000d\000u\000c\000c\000i\000\363\000n\000\040\000a\000\040\000l\000a\000\040\000g\000a\000m\000i\000f\000i\000c\000a\000c\000i\000\363\000n}{section.84}% 30
\BOOKMARK [2][-]{subsection.87}{\376\377\000A\000n\000\341\000l\000i\000s\000i\000s\000\040\000d\000e\000\040\000j\000u\000g\000a\000d\000o\000r\000e\000s\000\040\000y\000\040\000m\000e\000c\000\341\000n\000i\000c\000a\000s}{section.84}% 31
\BOOKMARK [2][-]{subsection.93}{\376\377\000P\000r\000o\000p\000u\000e\000s\000t\000a\000\040\000d\000e\000\040\000d\000i\000s\000e\000\361\000o}{section.84}% 32
\BOOKMARK [1][-]{section.109}{\376\377\000D\000i\000s\000e\000\361\000o\000\040\000d\000e\000\040\000l\000a\000\040\000i\000n\000t\000e\000r\000f\000a\000z}{chapter.75}% 33
\BOOKMARK [1][-]{section.116}{\376\377\000A\000r\000q\000u\000i\000t\000e\000c\000t\000u\000r\000a\000\040\000d\000e\000l\000\040\000s\000i\000s\000t\000e\000m\000a}{chapter.75}% 34
\BOOKMARK [0][-]{chapter.117}{\376\377\000I\000m\000p\000l\000e\000m\000e\000n\000t\000a\000c\000i\000\363\000n}{}% 35
\BOOKMARK [0][-]{chapter.118}{\376\377\000E\000v\000a\000l\000u\000a\000c\000i\000\363\000n}{}% 36
\BOOKMARK [0][-]{chapter.119}{\376\377\000C\000o\000n\000c\000l\000u\000s\000i\000o\000n\000e\000s\000\040\000y\000\040\000T\000r\000a\000b\000a\000j\000o\000\040\000F\000u\000t\000u\000r\000o}{}% 37
\BOOKMARK [0][-]{chapter*.120}{\376\377\000C\000o\000n\000t\000r\000i\000b\000u\000c\000i\000o\000n\000e\000s\000\040\000P\000e\000r\000s\000o\000n\000a\000l\000e\000s}{}% 38
\BOOKMARK [0][-]{chapter*.121}{\376\377\000B\000i\000b\000l\000i\000o\000g\000r\000a\000p\000h\000y}{}% 39
\BOOKMARK [0][-]{appendix.122}{\376\377\000E\000s\000p\000e\000c\000i\000f\000i\000c\000a\000c\000i\000\363\000n\000\040\000d\000e\000\040\000R\000e\000q\000u\000i\000s\000i\000t\000o\000s\000\040\000S\000o\000f\000t\000w\000a\000r\000e}{}% 40
\BOOKMARK [1][-]{section.123}{\376\377\000I\000n\000t\000r\000o\000d\000u\000c\000c\000i\000\363\000n}{appendix.122}% 41
\BOOKMARK [2][-]{subsection.124}{\376\377\000P\000r\000o\000p\000\363\000s\000i\000t\000o\000\040\000d\000e\000l\000\040\000d\000o\000c\000u\000m\000e\000n\000t\000o}{section.123}% 42
\BOOKMARK [2][-]{subsection.125}{\376\377\000\301\000m\000b\000i\000t\000o\000\040\000d\000e\000l\000\040\000p\000r\000o\000d\000u\000c\000t\000o}{section.123}% 43
\BOOKMARK [2][-]{subsection.126}{\376\377\000D\000e\000f\000i\000n\000i\000c\000i\000o\000n\000e\000s\000,\000\040\000a\000c\000r\000\363\000n\000i\000m\000o\000s\000\040\000y\000\040\000a\000b\000r\000e\000v\000i\000a\000c\000i\000o\000n\000e\000s}{section.123}% 44
\BOOKMARK [2][-]{subsection.127}{\376\377\000R\000e\000f\000e\000r\000e\000n\000c\000i\000a\000s}{section.123}% 45
\BOOKMARK [1][-]{section.128}{\376\377\000D\000e\000s\000c\000r\000i\000p\000c\000i\000\363\000n\000\040\000g\000e\000n\000e\000r\000a\000l\000\040\000d\000e\000l\000\040\000p\000r\000o\000d\000u\000c\000t\000o}{appendix.122}% 46
\BOOKMARK [2][-]{subsection.129}{\376\377\000P\000e\000r\000s\000p\000e\000c\000t\000i\000v\000a\000\040\000d\000e\000l\000\040\000p\000r\000o\000d\000u\000c\000t\000o}{section.128}% 47
\BOOKMARK [2][-]{subsection.130}{\376\377\000F\000u\000n\000c\000i\000o\000n\000e\000s\000\040\000d\000e\000l\000\040\000p\000r\000o\000d\000u\000c\000t\000o}{section.128}% 48
\BOOKMARK [2][-]{subsection.131}{\376\377\000L\000i\000m\000i\000t\000a\000c\000i\000o\000n\000e\000s\000\040\000d\000e\000l\000\040\000p\000r\000o\000d\000u\000c\000t\000o}{section.128}% 49
\BOOKMARK [2][-]{subsection.132}{\376\377\000C\000a\000r\000a\000c\000t\000e\000r\000\355\000s\000t\000i\000c\000a\000s\000\040\000d\000e\000\040\000l\000o\000s\000\040\000u\000s\000u\000a\000r\000i\000o\000s}{section.128}% 50
\BOOKMARK [2][-]{subsection.133}{\376\377\000S\000u\000p\000u\000e\000s\000t\000o\000s\000\040\000y\000\040\000d\000e\000p\000e\000n\000d\000e\000n\000c\000i\000a\000s}{section.128}% 51
\BOOKMARK [1][-]{section.134}{\376\377\000R\000e\000q\000u\000i\000s\000i\000t\000o\000s}{appendix.122}% 52
\BOOKMARK [2][-]{subsection.135}{\376\377\000I\000n\000t\000e\000r\000f\000a\000c\000e\000s\000\040\000e\000x\000t\000e\000r\000n\000a\000s}{section.134}% 53
\BOOKMARK [2][-]{subsection.136}{\376\377\000F\000u\000n\000c\000i\000o\000n\000a\000l\000e\000s}{section.134}% 54
\BOOKMARK [2][-]{subsection.137}{\376\377\000N\000o\000\040\000f\000u\000n\000c\000i\000o\000n\000a\000l\000e\000s}{section.134}% 55
\BOOKMARK [2][-]{subsection.138}{\376\377\000D\000i\000s\000e\000\361\000o\000\040\000e\000\040\000i\000m\000p\000l\000e\000m\000e\000n\000t\000a\000c\000i\000\363\000n}{section.134}% 56
\BOOKMARK [1][-]{section.139}{\376\377\000V\000e\000r\000i\000f\000i\000c\000a\000c\000i\000\363\000n}{appendix.122}% 57
\BOOKMARK [0][-]{appendix.140}{\376\377\000F\000o\000r\000m\000u\000l\000a\000r\000i\000o\000\040\000s\000o\000b\000r\000e\000\040\000j\000u\000g\000a\000d\000o\000r\000e\000s}{}% 58
\BOOKMARK [1][-]{section.141}{\376\377\000P\000e\000r\000f\000i\000l\000\040\000d\000e\000l\000\040\000j\000u\000g\000a\000d\000o\000r}{appendix.140}% 59
\BOOKMARK [1][-]{section.142}{\376\377\000U\000s\000o\000\040\000d\000e\000\040\000j\000u\000e\000c\000e\000s\000\040\000e\000n\000\040\000l\000\355\000n\000e\000a}{appendix.140}% 60
\BOOKMARK [1][-]{section.143}{\376\377\000P\000r\000e\000f\000e\000r\000e\000n\000c\000i\000a\000s\000\040\000d\000e\000\040\000r\000e\000c\000o\000m\000p\000e\000n\000s\000a\000s\000\040\000y\000\040\000m\000o\000t\000i\000v\000a\000c\000i\000o\000n\000e\000s}{appendix.140}% 61
\BOOKMARK [1][-]{section.144}{\376\377\000I\000n\000f\000o\000r\000m\000a\000c\000i\000\363\000n\000\040\000e\000x\000t\000r\000a\000\040\000y\000\040\000r\000e\000t\000r\000o\000a\000l\000i\000m\000e\000n\000t\000a\000c\000i\000\363\000n}{appendix.140}% 62
\BOOKMARK [0][-]{appendix.145}{\376\377\000C\000a\000s\000o\000s\000\040\000d\000e\000\040\000P\000r\000u\000e\000b\000a}{}% 63
\BOOKMARK [0][-]{fin.0}{\376\377\000F\000i\000n}{}% 64
